CRITICAL - 2025-01-11 19:34:34 --> Call to undefined method stdClass::getRow()
#0 C:\pengumuman\system\CodeIgniter.php(928): App\Controllers\Home->kirim_pengumuman('email', '9')
#1 C:\pengumuman\system\CodeIgniter.php(436): CodeIgniter\CodeIgniter->runController(Object(App\Controllers\Home))
#2 C:\pengumuman\system\CodeIgniter.php(336): CodeIgniter\CodeIgniter->handleRequest(NULL, Object(Config\Cache), false)
#3 C:\pengumuman\public\index.php(37): CodeIgniter\CodeIgniter->run()
#4 C:\pengumuman\system\Commands\Server\rewrite.php(45): require_once('C:\\pengumuman\\p...')
#5 {main}
CRITICAL - 2025-01-11 19:34:40 --> Call to undefined method stdClass::getRow()
#0 C:\pengumuman\system\CodeIgniter.php(928): App\Controllers\Home->kirim_pengumuman('whatsapp', '9')
#1 C:\pengumuman\system\CodeIgniter.php(436): CodeIgniter\CodeIgniter->runController(Object(App\Controllers\Home))
#2 C:\pengumuman\system\CodeIgniter.php(336): CodeIgniter\CodeIgniter->handleRequest(NULL, Object(Config\Cache), false)
#3 C:\pengumuman\public\index.php(37): CodeIgniter\CodeIgniter->run()
#4 C:\pengumuman\system\Commands\Server\rewrite.php(45): require_once('C:\\pengumuman\\p...')
#5 {main}
CRITICAL - 2025-01-11 19:34:46 --> Call to undefined method stdClass::getRow()
#0 C:\pengumuman\system\CodeIgniter.php(928): App\Controllers\Home->kirim_pengumuman('whatsapp', '9')
#1 C:\pengumuman\system\CodeIgniter.php(436): CodeIgniter\CodeIgniter->runController(Object(App\Controllers\Home))
#2 C:\pengumuman\system\CodeIgniter.php(336): CodeIgniter\CodeIgniter->handleRequest(NULL, Object(Config\Cache), false)
#3 C:\pengumuman\public\index.php(37): CodeIgniter\CodeIgniter->run()
#4 C:\pengumuman\system\Commands\Server\rewrite.php(45): require_once('C:\\pengumuman\\p...')
#5 {main}
CRITICAL - 2025-01-11 19:34:54 --> Call to undefined method stdClass::getRow()
#0 C:\pengumuman\system\CodeIgniter.php(928): App\Controllers\Home->kirim_pengumuman('email', '9')
#1 C:\pengumuman\system\CodeIgniter.php(436): CodeIgniter\CodeIgniter->runController(Object(App\Controllers\Home))
#2 C:\pengumuman\system\CodeIgniter.php(336): CodeIgniter\CodeIgniter->handleRequest(NULL, Object(Config\Cache), false)
#3 C:\pengumuman\public\index.php(37): CodeIgniter\CodeIgniter->run()
#4 C:\pengumuman\system\Commands\Server\rewrite.php(45): require_once('C:\\pengumuman\\p...')
#5 {main}
CRITICAL - 2025-01-11 19:36:03 --> Call to undefined method stdClass::getRow()
#0 C:\pengumuman\system\CodeIgniter.php(928): App\Controllers\Home->kirim_pengumuman('email', '9')
#1 C:\pengumuman\system\CodeIgniter.php(436): CodeIgniter\CodeIgniter->runController(Object(App\Controllers\Home))
#2 C:\pengumuman\system\CodeIgniter.php(336): CodeIgniter\CodeIgniter->handleRequest(NULL, Object(Config\Cache), false)
#3 C:\pengumuman\public\index.php(37): CodeIgniter\CodeIgniter->run()
#4 C:\pengumuman\system\Commands\Server\rewrite.php(45): require_once('C:\\pengumuman\\p...')
#5 {main}
