CRITICAL - 2025-01-10 11:44:45 --> syntax error, unexpected end of file
#0 C:\pengumuman\system\View\View.php(232): CodeIgniter\View\View->CodeIgniter\View\{closure}()
#1 C:\pengumuman\system\Common.php(1271): CodeIgniter\View\View->render('pengumuman', Array, true)
#2 C:\pengumuman\app\Controllers\Home.php(1601): view('pengumuman', Array)
#3 C:\pengumuman\system\CodeIgniter.php(928): App\Controllers\Home->pengumuman()
#4 C:\pengumuman\system\CodeIgniter.php(436): CodeIgniter\CodeIgniter->runController(Object(App\Controllers\Home))
#5 C:\pengumuman\system\CodeIgniter.php(336): CodeIgniter\CodeIgniter->handleRequest(NULL, Object(Config\Cache), false)
#6 C:\pengumuman\public\index.php(37): CodeIgniter\CodeIgniter->run()
#7 C:\pengumuman\system\Commands\Server\rewrite.php(45): require_once('C:\\pengumuman\\p...')
#8 {main}
CRITICAL - 2025-01-10 11:48:04 --> syntax error, unexpected end of file
#0 C:\pengumuman\system\View\View.php(232): CodeIgniter\View\View->CodeIgniter\View\{closure}()
#1 C:\pengumuman\system\Common.php(1271): CodeIgniter\View\View->render('pengumuman', Array, true)
#2 C:\pengumuman\app\Controllers\Home.php(1601): view('pengumuman', Array)
#3 C:\pengumuman\system\CodeIgniter.php(928): App\Controllers\Home->pengumuman()
#4 C:\pengumuman\system\CodeIgniter.php(436): CodeIgniter\CodeIgniter->runController(Object(App\Controllers\Home))
#5 C:\pengumuman\system\CodeIgniter.php(336): CodeIgniter\CodeIgniter->handleRequest(NULL, Object(Config\Cache), false)
#6 C:\pengumuman\public\index.php(37): CodeIgniter\CodeIgniter->run()
#7 C:\pengumuman\system\Commands\Server\rewrite.php(45): require_once('C:\\pengumuman\\p...')
#8 {main}
CRITICAL - 2025-01-10 11:49:01 --> syntax error, unexpected '}'
#0 C:\pengumuman\system\View\View.php(232): CodeIgniter\View\View->CodeIgniter\View\{closure}()
#1 C:\pengumuman\system\Common.php(1271): CodeIgniter\View\View->render('pengumuman', Array, true)
#2 C:\pengumuman\app\Controllers\Home.php(1601): view('pengumuman', Array)
#3 C:\pengumuman\system\CodeIgniter.php(928): App\Controllers\Home->pengumuman()
#4 C:\pengumuman\system\CodeIgniter.php(436): CodeIgniter\CodeIgniter->runController(Object(App\Controllers\Home))
#5 C:\pengumuman\system\CodeIgniter.php(336): CodeIgniter\CodeIgniter->handleRequest(NULL, Object(Config\Cache), false)
#6 C:\pengumuman\public\index.php(37): CodeIgniter\CodeIgniter->run()
#7 C:\pengumuman\system\Commands\Server\rewrite.php(45): require_once('C:\\pengumuman\\p...')
#8 {main}
CRITICAL - 2025-01-10 11:49:09 --> syntax error, unexpected '}'
#0 C:\pengumuman\system\View\View.php(232): CodeIgniter\View\View->CodeIgniter\View\{closure}()
#1 C:\pengumuman\system\Common.php(1271): CodeIgniter\View\View->render('pengumuman', Array, true)
#2 C:\pengumuman\app\Controllers\Home.php(1601): view('pengumuman', Array)
#3 C:\pengumuman\system\CodeIgniter.php(928): App\Controllers\Home->pengumuman()
#4 C:\pengumuman\system\CodeIgniter.php(436): CodeIgniter\CodeIgniter->runController(Object(App\Controllers\Home))
#5 C:\pengumuman\system\CodeIgniter.php(336): CodeIgniter\CodeIgniter->handleRequest(NULL, Object(Config\Cache), false)
#6 C:\pengumuman\public\index.php(37): CodeIgniter\CodeIgniter->run()
#7 C:\pengumuman\system\Commands\Server\rewrite.php(45): require_once('C:\\pengumuman\\p...')
#8 {main}
CRITICAL - 2025-01-10 11:49:40 --> syntax error, unexpected '}'
#0 C:\pengumuman\system\View\View.php(232): CodeIgniter\View\View->CodeIgniter\View\{closure}()
#1 C:\pengumuman\system\Common.php(1271): CodeIgniter\View\View->render('pengumuman', Array, true)
#2 C:\pengumuman\app\Controllers\Home.php(1601): view('pengumuman', Array)
#3 C:\pengumuman\system\CodeIgniter.php(928): App\Controllers\Home->pengumuman()
#4 C:\pengumuman\system\CodeIgniter.php(436): CodeIgniter\CodeIgniter->runController(Object(App\Controllers\Home))
#5 C:\pengumuman\system\CodeIgniter.php(336): CodeIgniter\CodeIgniter->handleRequest(NULL, Object(Config\Cache), false)
#6 C:\pengumuman\public\index.php(37): CodeIgniter\CodeIgniter->run()
#7 C:\pengumuman\system\Commands\Server\rewrite.php(45): require_once('C:\\pengumuman\\p...')
#8 {main}
ERROR - 2025-01-10 12:12:07 --> Table 'pengumuman.tb_dokumen' doesn't exist
CRITICAL - 2025-01-10 12:12:07 --> Call to a member function getResult() on bool
#0 C:\pengumuman\app\Controllers\Home.php(986): App\Models\Gudang->tampil('tb_dokumen')
#1 C:\pengumuman\system\CodeIgniter.php(928): App\Controllers\Home->dokumen()
#2 C:\pengumuman\system\CodeIgniter.php(436): CodeIgniter\CodeIgniter->runController(Object(App\Controllers\Home))
#3 C:\pengumuman\system\CodeIgniter.php(336): CodeIgniter\CodeIgniter->handleRequest(NULL, Object(Config\Cache), false)
#4 C:\pengumuman\public\index.php(37): CodeIgniter\CodeIgniter->run()
#5 C:\pengumuman\system\Commands\Server\rewrite.php(45): require_once('C:\\pengumuman\\p...')
#6 {main}
ERROR - 2025-01-10 12:13:52 --> Table 'pengumuman.tb_dokumen' doesn't exist
CRITICAL - 2025-01-10 12:13:52 --> Call to a member function getResult() on bool
#0 C:\pengumuman\app\Controllers\Home.php(986): App\Models\Gudang->tampil('tb_dokumen')
#1 C:\pengumuman\system\CodeIgniter.php(928): App\Controllers\Home->dokumen()
#2 C:\pengumuman\system\CodeIgniter.php(436): CodeIgniter\CodeIgniter->runController(Object(App\Controllers\Home))
#3 C:\pengumuman\system\CodeIgniter.php(336): CodeIgniter\CodeIgniter->handleRequest(NULL, Object(Config\Cache), false)
#4 C:\pengumuman\public\index.php(37): CodeIgniter\CodeIgniter->run()
#5 C:\pengumuman\system\Commands\Server\rewrite.php(45): require_once('C:\\pengumuman\\p...')
#6 {main}
ERROR - 2025-01-10 12:15:18 --> Table 'pengumuman.tb_dokumen' doesn't exist
CRITICAL - 2025-01-10 12:15:18 --> Call to a member function getResult() on bool
#0 C:\pengumuman\app\Controllers\Home.php(986): App\Models\Gudang->tampil('tb_dokumen')
#1 C:\pengumuman\system\CodeIgniter.php(928): App\Controllers\Home->dokumen()
#2 C:\pengumuman\system\CodeIgniter.php(436): CodeIgniter\CodeIgniter->runController(Object(App\Controllers\Home))
#3 C:\pengumuman\system\CodeIgniter.php(336): CodeIgniter\CodeIgniter->handleRequest(NULL, Object(Config\Cache), false)
#4 C:\pengumuman\public\index.php(37): CodeIgniter\CodeIgniter->run()
#5 C:\pengumuman\system\Commands\Server\rewrite.php(45): require_once('C:\\pengumuman\\p...')
#6 {main}
ERROR - 2025-01-10 12:36:23 --> Table 'pengumuman.tb_dokumen' doesn't exist
CRITICAL - 2025-01-10 12:36:24 --> Call to a member function getResult() on bool
#0 C:\pengumuman\app\Controllers\Home.php(986): App\Models\Gudang->tampil('tb_dokumen')
#1 C:\pengumuman\system\CodeIgniter.php(928): App\Controllers\Home->dokumen()
#2 C:\pengumuman\system\CodeIgniter.php(436): CodeIgniter\CodeIgniter->runController(Object(App\Controllers\Home))
#3 C:\pengumuman\system\CodeIgniter.php(336): CodeIgniter\CodeIgniter->handleRequest(NULL, Object(Config\Cache), false)
#4 C:\pengumuman\public\index.php(37): CodeIgniter\CodeIgniter->run()
#5 C:\pengumuman\system\Commands\Server\rewrite.php(45): require_once('C:\\pengumuman\\p...')
#6 {main}
ERROR - 2025-01-10 12:38:44 --> Table 'pengumuman.tb_dokumen' doesn't exist
CRITICAL - 2025-01-10 12:38:44 --> Call to a member function getResult() on bool
#0 C:\pengumuman\app\Controllers\Home.php(986): App\Models\Gudang->tampil('tb_dokumen')
#1 C:\pengumuman\system\CodeIgniter.php(928): App\Controllers\Home->dokumen()
#2 C:\pengumuman\system\CodeIgniter.php(436): CodeIgniter\CodeIgniter->runController(Object(App\Controllers\Home))
#3 C:\pengumuman\system\CodeIgniter.php(336): CodeIgniter\CodeIgniter->handleRequest(NULL, Object(Config\Cache), false)
#4 C:\pengumuman\public\index.php(37): CodeIgniter\CodeIgniter->run()
#5 C:\pengumuman\system\Commands\Server\rewrite.php(45): require_once('C:\\pengumuman\\p...')
#6 {main}
