ERROR - 2025-01-07 09:19:14 --> Table 'pengumuman.tb_acara' doesn't exist
CRITICAL - 2025-01-07 09:19:14 --> Call to undefined method App\Models\Gudang::query
#0 C:\pengumuman\app\Controllers\Home.php(1771): CodeIgniter\Model->__call('query', Array)
#1 C:\pengumuman\system\CodeIgniter.php(928): App\Controllers\Home->dashboard()
#2 C:\pengumuman\system\CodeIgniter.php(436): CodeIgniter\CodeIgniter->runController(Object(App\Controllers\Home))
#3 C:\pengumuman\system\CodeIgniter.php(336): CodeIgniter\CodeIgniter->handleRequest(NULL, Object(Config\Cache), false)
#4 C:\pengumuman\public\index.php(37): CodeIgniter\CodeIgniter->run()
#5 C:\pengumuman\system\Commands\Server\rewrite.php(45): require_once('C:\\pengumuman\\p...')
#6 {main}
ERROR - 2025-01-07 09:19:34 --> Table 'pengumuman.tb_acara' doesn't exist
CRITICAL - 2025-01-07 09:19:34 --> Call to undefined method App\Models\Gudang::query
#0 C:\pengumuman\app\Controllers\Home.php(1771): CodeIgniter\Model->__call('query', Array)
#1 C:\pengumuman\system\CodeIgniter.php(928): App\Controllers\Home->dashboard()
#2 C:\pengumuman\system\CodeIgniter.php(436): CodeIgniter\CodeIgniter->runController(Object(App\Controllers\Home))
#3 C:\pengumuman\system\CodeIgniter.php(336): CodeIgniter\CodeIgniter->handleRequest(NULL, Object(Config\Cache), false)
#4 C:\pengumuman\public\index.php(37): CodeIgniter\CodeIgniter->run()
#5 C:\pengumuman\system\Commands\Server\rewrite.php(45): require_once('C:\\pengumuman\\p...')
#6 {main}
ERROR - 2025-01-07 09:21:09 --> Table 'pengumuman.tb_acara' doesn't exist
CRITICAL - 2025-01-07 09:21:09 --> Call to undefined method App\Models\Gudang::query
#0 C:\pengumuman\app\Controllers\Home.php(1771): CodeIgniter\Model->__call('query', Array)
#1 C:\pengumuman\system\CodeIgniter.php(928): App\Controllers\Home->dashboard()
#2 C:\pengumuman\system\CodeIgniter.php(436): CodeIgniter\CodeIgniter->runController(Object(App\Controllers\Home))
#3 C:\pengumuman\system\CodeIgniter.php(336): CodeIgniter\CodeIgniter->handleRequest(NULL, Object(Config\Cache), false)
#4 C:\pengumuman\public\index.php(37): CodeIgniter\CodeIgniter->run()
#5 C:\pengumuman\system\Commands\Server\rewrite.php(45): require_once('C:\\pengumuman\\p...')
#6 {main}
ERROR - 2025-01-07 09:21:09 --> Table 'pengumuman.tb_acara' doesn't exist
CRITICAL - 2025-01-07 09:21:09 --> Call to undefined method App\Models\Gudang::query
#0 C:\pengumuman\app\Controllers\Home.php(1771): CodeIgniter\Model->__call('query', Array)
#1 C:\pengumuman\system\CodeIgniter.php(928): App\Controllers\Home->dashboard()
#2 C:\pengumuman\system\CodeIgniter.php(436): CodeIgniter\CodeIgniter->runController(Object(App\Controllers\Home))
#3 C:\pengumuman\system\CodeIgniter.php(336): CodeIgniter\CodeIgniter->handleRequest(NULL, Object(Config\Cache), false)
#4 C:\pengumuman\public\index.php(37): CodeIgniter\CodeIgniter->run()
#5 C:\pengumuman\system\Commands\Server\rewrite.php(45): require_once('C:\\pengumuman\\p...')
#6 {main}
ERROR - 2025-01-07 09:21:13 --> Table 'pengumuman.tb_acara' doesn't exist
CRITICAL - 2025-01-07 09:21:13 --> Call to undefined method App\Models\Gudang::query
#0 C:\pengumuman\app\Controllers\Home.php(1771): CodeIgniter\Model->__call('query', Array)
#1 C:\pengumuman\system\CodeIgniter.php(928): App\Controllers\Home->dashboard()
#2 C:\pengumuman\system\CodeIgniter.php(436): CodeIgniter\CodeIgniter->runController(Object(App\Controllers\Home))
#3 C:\pengumuman\system\CodeIgniter.php(336): CodeIgniter\CodeIgniter->handleRequest(NULL, Object(Config\Cache), false)
#4 C:\pengumuman\public\index.php(37): CodeIgniter\CodeIgniter->run()
#5 C:\pengumuman\system\Commands\Server\rewrite.php(45): require_once('C:\\pengumuman\\p...')
#6 {main}
ERROR - 2025-01-07 09:23:13 --> Table 'pengumuman.tb_acara' doesn't exist
CRITICAL - 2025-01-07 09:23:13 --> Call to undefined method App\Models\Gudang::query
#0 C:\pengumuman\app\Controllers\Home.php(1771): CodeIgniter\Model->__call('query', Array)
#1 C:\pengumuman\system\CodeIgniter.php(928): App\Controllers\Home->dashboard()
#2 C:\pengumuman\system\CodeIgniter.php(436): CodeIgniter\CodeIgniter->runController(Object(App\Controllers\Home))
#3 C:\pengumuman\system\CodeIgniter.php(336): CodeIgniter\CodeIgniter->handleRequest(NULL, Object(Config\Cache), false)
#4 C:\pengumuman\public\index.php(37): CodeIgniter\CodeIgniter->run()
#5 C:\pengumuman\system\Commands\Server\rewrite.php(45): require_once('C:\\pengumuman\\p...')
#6 {main}
ERROR - 2025-01-07 09:30:31 --> Table 'pengumuman.tb_pengumuman' doesn't exist
CRITICAL - 2025-01-07 09:30:31 --> Call to a member function getResult() on bool
#0 C:\pengumuman\app\Controllers\Home.php(1566): App\Models\Gudang->tampil('tb_pengumuman')
#1 C:\pengumuman\system\CodeIgniter.php(928): App\Controllers\Home->pengumuman()
#2 C:\pengumuman\system\CodeIgniter.php(436): CodeIgniter\CodeIgniter->runController(Object(App\Controllers\Home))
#3 C:\pengumuman\system\CodeIgniter.php(336): CodeIgniter\CodeIgniter->handleRequest(NULL, Object(Config\Cache), false)
#4 C:\pengumuman\public\index.php(37): CodeIgniter\CodeIgniter->run()
#5 C:\pengumuman\system\Commands\Server\rewrite.php(45): require_once('C:\\pengumuman\\p...')
#6 {main}
ERROR - 2025-01-07 09:30:33 --> Table 'pengumuman.tb_pengumuman' doesn't exist
CRITICAL - 2025-01-07 09:30:33 --> Call to a member function getResult() on bool
#0 C:\pengumuman\app\Controllers\Home.php(1566): App\Models\Gudang->tampil('tb_pengumuman')
#1 C:\pengumuman\system\CodeIgniter.php(928): App\Controllers\Home->pengumuman()
#2 C:\pengumuman\system\CodeIgniter.php(436): CodeIgniter\CodeIgniter->runController(Object(App\Controllers\Home))
#3 C:\pengumuman\system\CodeIgniter.php(336): CodeIgniter\CodeIgniter->handleRequest(NULL, Object(Config\Cache), false)
#4 C:\pengumuman\public\index.php(37): CodeIgniter\CodeIgniter->run()
#5 C:\pengumuman\system\Commands\Server\rewrite.php(45): require_once('C:\\pengumuman\\p...')
#6 {main}
CRITICAL - 2025-01-07 09:31:20 --> You must set the database table to be used with your query.
#0 C:\pengumuman\app\Models\Gudang.php(33): CodeIgniter\Database\BaseConnection->table('')
#1 C:\pengumuman\app\Controllers\Home.php(1566): App\Models\Gudang->tampil('')
#2 C:\pengumuman\system\CodeIgniter.php(928): App\Controllers\Home->pengumuman()
#3 C:\pengumuman\system\CodeIgniter.php(436): CodeIgniter\CodeIgniter->runController(Object(App\Controllers\Home))
#4 C:\pengumuman\system\CodeIgniter.php(336): CodeIgniter\CodeIgniter->handleRequest(NULL, Object(Config\Cache), false)
#5 C:\pengumuman\public\index.php(37): CodeIgniter\CodeIgniter->run()
#6 C:\pengumuman\system\Commands\Server\rewrite.php(45): require_once('C:\\pengumuman\\p...')
#7 {main}
ERROR - 2025-01-07 09:31:35 --> Table 'pengumuman.tb_history' doesn't exist
CRITICAL - 2025-01-07 09:31:35 --> Call to a member function getResult() on bool
#0 C:\pengumuman\app\Controllers\Home.php(1751): App\Models\Gudang->tampil('tb_history')
#1 C:\pengumuman\system\CodeIgniter.php(928): App\Controllers\Home->history()
#2 C:\pengumuman\system\CodeIgniter.php(436): CodeIgniter\CodeIgniter->runController(Object(App\Controllers\Home))
#3 C:\pengumuman\system\CodeIgniter.php(336): CodeIgniter\CodeIgniter->handleRequest(NULL, Object(Config\Cache), false)
#4 C:\pengumuman\public\index.php(37): CodeIgniter\CodeIgniter->run()
#5 C:\pengumuman\system\Commands\Server\rewrite.php(45): require_once('C:\\pengumuman\\p...')
#6 {main}
ERROR - 2025-01-07 09:31:53 --> Table 'pengumuman.tb_history' doesn't exist
CRITICAL - 2025-01-07 09:31:53 --> Call to a member function getResult() on bool
#0 C:\pengumuman\app\Controllers\Home.php(1479): App\Models\Gudang->tampil('tb_history')
#1 C:\pengumuman\system\CodeIgniter.php(928): App\Controllers\Home->laporan()
#2 C:\pengumuman\system\CodeIgniter.php(436): CodeIgniter\CodeIgniter->runController(Object(App\Controllers\Home))
#3 C:\pengumuman\system\CodeIgniter.php(336): CodeIgniter\CodeIgniter->handleRequest(NULL, Object(Config\Cache), false)
#4 C:\pengumuman\public\index.php(37): CodeIgniter\CodeIgniter->run()
#5 C:\pengumuman\system\Commands\Server\rewrite.php(45): require_once('C:\\pengumuman\\p...')
#6 {main}
CRITICAL - 2025-01-07 09:40:03 --> syntax error, unexpected 'elseif' (T_ELSEIF)
#0 C:\pengumuman\system\View\View.php(232): CodeIgniter\View\View->CodeIgniter\View\{closure}()
#1 C:\pengumuman\system\Common.php(1271): CodeIgniter\View\View->render('profile', Array, true)
#2 C:\pengumuman\app\Controllers\Home.php(374): view('profile', Array)
#3 C:\pengumuman\system\CodeIgniter.php(928): App\Controllers\Home->profile()
#4 C:\pengumuman\system\CodeIgniter.php(436): CodeIgniter\CodeIgniter->runController(Object(App\Controllers\Home))
#5 C:\pengumuman\system\CodeIgniter.php(336): CodeIgniter\CodeIgniter->handleRequest(NULL, Object(Config\Cache), false)
#6 C:\pengumuman\public\index.php(37): CodeIgniter\CodeIgniter->run()
#7 C:\pengumuman\system\Commands\Server\rewrite.php(45): require_once('C:\\pengumuman\\p...')
#8 {main}
ERROR - 2025-01-07 19:49:15 --> Duplicate entry '0' for key 'PRIMARY'
ERROR - 2025-01-07 19:49:23 --> Duplicate entry '0' for key 'PRIMARY'
