CRITICAL - 2025-01-09 09:38:02 --> Call to a member function get() on null
#0 C:\pengumuman\system\CodeIgniter.php(928): App\Controllers\Home->user()
#1 C:\pengumuman\system\CodeIgniter.php(436): CodeIgniter\CodeIgniter->runController(Object(App\Controllers\Home))
#2 C:\pengumuman\system\CodeIgniter.php(336): CodeIgniter\CodeIgniter->handleRequest(NULL, Object(Config\Cache), false)
#3 C:\pengumuman\public\index.php(37): CodeIgniter\CodeIgniter->run()
#4 C:\pengumuman\system\Commands\Server\rewrite.php(45): require_once('C:\\pengumuman\\p...')
#5 {main}
CRITICAL - 2025-01-09 12:56:54 --> Invalid argument supplied for foreach()
#0 C:\pengumuman\app\Views\pengumuman.php(55): CodeIgniter\Debug\Exceptions->errorHandler(2, 'Invalid argumen...', 'C:\\pengumuman\\a...', 55, Array)
#1 C:\pengumuman\system\View\View.php(230): include('C:\\pengumuman\\a...')
#2 C:\pengumuman\system\View\View.php(232): CodeIgniter\View\View->CodeIgniter\View\{closure}()
#3 C:\pengumuman\system\Common.php(1271): CodeIgniter\View\View->render('pengumuman', Array, true)
#4 C:\pengumuman\app\Controllers\Home.php(1600): view('pengumuman', Array)
#5 C:\pengumuman\system\CodeIgniter.php(928): App\Controllers\Home->pengumuman()
#6 C:\pengumuman\system\CodeIgniter.php(436): CodeIgniter\CodeIgniter->runController(Object(App\Controllers\Home))
#7 C:\pengumuman\system\CodeIgniter.php(336): CodeIgniter\CodeIgniter->handleRequest(NULL, Object(Config\Cache), false)
#8 C:\pengumuman\public\index.php(37): CodeIgniter\CodeIgniter->run()
#9 C:\pengumuman\system\Commands\Server\rewrite.php(45): require_once('C:\\pengumuman\\p...')
#10 {main}
CRITICAL - 2025-01-09 12:57:06 --> Invalid argument supplied for foreach()
#0 C:\pengumuman\app\Views\pengumuman.php(55): CodeIgniter\Debug\Exceptions->errorHandler(2, 'Invalid argumen...', 'C:\\pengumuman\\a...', 55, Array)
#1 C:\pengumuman\system\View\View.php(230): include('C:\\pengumuman\\a...')
#2 C:\pengumuman\system\View\View.php(232): CodeIgniter\View\View->CodeIgniter\View\{closure}()
#3 C:\pengumuman\system\Common.php(1271): CodeIgniter\View\View->render('pengumuman', Array, true)
#4 C:\pengumuman\app\Controllers\Home.php(1600): view('pengumuman', Array)
#5 C:\pengumuman\system\CodeIgniter.php(928): App\Controllers\Home->pengumuman()
#6 C:\pengumuman\system\CodeIgniter.php(436): CodeIgniter\CodeIgniter->runController(Object(App\Controllers\Home))
#7 C:\pengumuman\system\CodeIgniter.php(336): CodeIgniter\CodeIgniter->handleRequest(NULL, Object(Config\Cache), false)
#8 C:\pengumuman\public\index.php(37): CodeIgniter\CodeIgniter->run()
#9 C:\pengumuman\system\Commands\Server\rewrite.php(45): require_once('C:\\pengumuman\\p...')
#10 {main}
ERROR - 2025-01-09 13:35:09 --> Table 'pengumuman.tb_dokumen' doesn't exist
CRITICAL - 2025-01-09 13:35:09 --> Call to a member function getResult() on bool
#0 C:\pengumuman\app\Controllers\Home.php(986): App\Models\Gudang->tampil('tb_dokumen')
#1 C:\pengumuman\system\CodeIgniter.php(928): App\Controllers\Home->dokumen()
#2 C:\pengumuman\system\CodeIgniter.php(436): CodeIgniter\CodeIgniter->runController(Object(App\Controllers\Home))
#3 C:\pengumuman\system\CodeIgniter.php(336): CodeIgniter\CodeIgniter->handleRequest(NULL, Object(Config\Cache), false)
#4 C:\pengumuman\public\index.php(37): CodeIgniter\CodeIgniter->run()
#5 C:\pengumuman\system\Commands\Server\rewrite.php(45): require_once('C:\\pengumuman\\p...')
#6 {main}
ERROR - 2025-01-09 13:44:56 --> Table 'pengumuman.tb_dokumen' doesn't exist
CRITICAL - 2025-01-09 13:44:56 --> Call to a member function getResult() on bool
#0 C:\pengumuman\app\Controllers\Home.php(986): App\Models\Gudang->tampil('tb_dokumen')
#1 C:\pengumuman\system\CodeIgniter.php(928): App\Controllers\Home->dokumen()
#2 C:\pengumuman\system\CodeIgniter.php(436): CodeIgniter\CodeIgniter->runController(Object(App\Controllers\Home))
#3 C:\pengumuman\system\CodeIgniter.php(336): CodeIgniter\CodeIgniter->handleRequest(NULL, Object(Config\Cache), false)
#4 C:\pengumuman\public\index.php(37): CodeIgniter\CodeIgniter->run()
#5 C:\pengumuman\system\Commands\Server\rewrite.php(45): require_once('C:\\pengumuman\\p...')
#6 {main}
CRITICAL - 2025-01-09 13:45:59 --> syntax error, unexpected '}'
#0 C:\pengumuman\system\View\View.php(232): CodeIgniter\View\View->CodeIgniter\View\{closure}()
#1 C:\pengumuman\system\Common.php(1271): CodeIgniter\View\View->render('pengumuman', Array, true)
#2 C:\pengumuman\app\Controllers\Home.php(1601): view('pengumuman', Array)
#3 C:\pengumuman\system\CodeIgniter.php(928): App\Controllers\Home->pengumuman()
#4 C:\pengumuman\system\CodeIgniter.php(436): CodeIgniter\CodeIgniter->runController(Object(App\Controllers\Home))
#5 C:\pengumuman\system\CodeIgniter.php(336): CodeIgniter\CodeIgniter->handleRequest(NULL, Object(Config\Cache), false)
#6 C:\pengumuman\public\index.php(37): CodeIgniter\CodeIgniter->run()
#7 C:\pengumuman\system\Commands\Server\rewrite.php(45): require_once('C:\\pengumuman\\p...')
#8 {main}
CRITICAL - 2025-01-09 13:46:00 --> syntax error, unexpected '}'
#0 C:\pengumuman\system\View\View.php(232): CodeIgniter\View\View->CodeIgniter\View\{closure}()
#1 C:\pengumuman\system\Common.php(1271): CodeIgniter\View\View->render('pengumuman', Array, true)
#2 C:\pengumuman\app\Controllers\Home.php(1601): view('pengumuman', Array)
#3 C:\pengumuman\system\CodeIgniter.php(928): App\Controllers\Home->pengumuman()
#4 C:\pengumuman\system\CodeIgniter.php(436): CodeIgniter\CodeIgniter->runController(Object(App\Controllers\Home))
#5 C:\pengumuman\system\CodeIgniter.php(336): CodeIgniter\CodeIgniter->handleRequest(NULL, Object(Config\Cache), false)
#6 C:\pengumuman\public\index.php(37): CodeIgniter\CodeIgniter->run()
#7 C:\pengumuman\system\Commands\Server\rewrite.php(45): require_once('C:\\pengumuman\\p...')
#8 {main}
CRITICAL - 2025-01-09 13:46:39 --> syntax error, unexpected '}'
#0 C:\pengumuman\system\View\View.php(232): CodeIgniter\View\View->CodeIgniter\View\{closure}()
#1 C:\pengumuman\system\Common.php(1271): CodeIgniter\View\View->render('pengumuman', Array, true)
#2 C:\pengumuman\app\Controllers\Home.php(1601): view('pengumuman', Array)
#3 C:\pengumuman\system\CodeIgniter.php(928): App\Controllers\Home->pengumuman()
#4 C:\pengumuman\system\CodeIgniter.php(436): CodeIgniter\CodeIgniter->runController(Object(App\Controllers\Home))
#5 C:\pengumuman\system\CodeIgniter.php(336): CodeIgniter\CodeIgniter->handleRequest(NULL, Object(Config\Cache), false)
#6 C:\pengumuman\public\index.php(37): CodeIgniter\CodeIgniter->run()
#7 C:\pengumuman\system\Commands\Server\rewrite.php(45): require_once('C:\\pengumuman\\p...')
#8 {main}
CRITICAL - 2025-01-09 13:47:15 --> syntax error, unexpected end of file
#0 C:\pengumuman\system\View\View.php(232): CodeIgniter\View\View->CodeIgniter\View\{closure}()
#1 C:\pengumuman\system\Common.php(1271): CodeIgniter\View\View->render('pengumuman', Array, true)
#2 C:\pengumuman\app\Controllers\Home.php(1601): view('pengumuman', Array)
#3 C:\pengumuman\system\CodeIgniter.php(928): App\Controllers\Home->pengumuman()
#4 C:\pengumuman\system\CodeIgniter.php(436): CodeIgniter\CodeIgniter->runController(Object(App\Controllers\Home))
#5 C:\pengumuman\system\CodeIgniter.php(336): CodeIgniter\CodeIgniter->handleRequest(NULL, Object(Config\Cache), false)
#6 C:\pengumuman\public\index.php(37): CodeIgniter\CodeIgniter->run()
#7 C:\pengumuman\system\Commands\Server\rewrite.php(45): require_once('C:\\pengumuman\\p...')
#8 {main}
CRITICAL - 2025-01-09 13:52:24 --> syntax error, unexpected end of file
#0 C:\pengumuman\system\View\View.php(232): CodeIgniter\View\View->CodeIgniter\View\{closure}()
#1 C:\pengumuman\system\Common.php(1271): CodeIgniter\View\View->render('pengumuman', Array, true)
#2 C:\pengumuman\app\Controllers\Home.php(1601): view('pengumuman', Array)
#3 C:\pengumuman\system\CodeIgniter.php(928): App\Controllers\Home->pengumuman()
#4 C:\pengumuman\system\CodeIgniter.php(436): CodeIgniter\CodeIgniter->runController(Object(App\Controllers\Home))
#5 C:\pengumuman\system\CodeIgniter.php(336): CodeIgniter\CodeIgniter->handleRequest(NULL, Object(Config\Cache), false)
#6 C:\pengumuman\public\index.php(37): CodeIgniter\CodeIgniter->run()
#7 C:\pengumuman\system\Commands\Server\rewrite.php(45): require_once('C:\\pengumuman\\p...')
#8 {main}
