ERROR - 2025-01-12 16:25:31 --> Email: sendWithMail throwed mail(): Failed to connect to mailserver at &quot;localhost&quot; port 25, verify your &quot;SMTP&quot; and &quot;smtp_port&quot; setting in php.ini or use ini_set()
ERROR - 2025-01-12 16:25:36 --> Email: sendWithMail throwed mail(): Failed to connect to mailserver at &quot;localhost&quot; port 25, verify your &quot;SMTP&quot; and &quot;smtp_port&quot; setting in php.ini or use ini_set()
ERROR - 2025-01-12 16:25:43 --> Email: sendWithMail throwed mail(): Failed to connect to mailserver at &quot;localhost&quot; port 25, verify your &quot;SMTP&quot; and &quot;smtp_port&quot; setting in php.ini or use ini_set()
ERROR - 2025-01-12 16:28:06 --> Email: sendWithMail throwed mail(): Failed to connect to mailserver at &quot;localhost&quot; port 25, verify your &quot;SMTP&quot; and &quot;smtp_port&quot; setting in php.ini or use ini_set()
ERROR - 2025-01-12 16:31:07 --> Email: sendWithMail throwed mail(): Failed to connect to mailserver at &quot;localhost&quot; port 25, verify your &quot;SMTP&quot; and &quot;smtp_port&quot; setting in php.ini or use ini_set()
CRITICAL - 2025-01-12 03:43:19 --> syntax error, unexpected 'function' (T_FUNCTION), expecting ')'
#0 C:\pengumuman\system\Router\Router.php(169): CodeIgniter\Router\Router->autoRoute('Home/pengumuman')
#1 C:\pengumuman\system\CodeIgniter.php(809): CodeIgniter\Router\Router->handle('Home/pengumuman')
#2 C:\pengumuman\system\CodeIgniter.php(389): CodeIgniter\CodeIgniter->tryToRouteIt(Object(CodeIgniter\Router\RouteCollection))
#3 C:\pengumuman\system\CodeIgniter.php(336): CodeIgniter\CodeIgniter->handleRequest(NULL, Object(Config\Cache), false)
#4 C:\pengumuman\public\index.php(37): CodeIgniter\CodeIgniter->run()
#5 C:\pengumuman\system\Commands\Server\rewrite.php(45): require_once('C:\\pengumuman\\p...')
#6 {main}
ERROR - 2025-01-12 16:43:38 --> Email: sendWithMail throwed mail(): Failed to connect to mailserver at &quot;localhost&quot; port 25, verify your &quot;SMTP&quot; and &quot;smtp_port&quot; setting in php.ini or use ini_set()
CRITICAL - 2025-01-12 16:47:25 --> Call to undefined method stdClass::getRow()
#0 C:\pengumuman\system\CodeIgniter.php(928): App\Controllers\Home->send_email()
#1 C:\pengumuman\system\CodeIgniter.php(436): CodeIgniter\CodeIgniter->runController(Object(App\Controllers\Home))
#2 C:\pengumuman\system\CodeIgniter.php(336): CodeIgniter\CodeIgniter->handleRequest(NULL, Object(Config\Cache), false)
#3 C:\pengumuman\public\index.php(37): CodeIgniter\CodeIgniter->run()
#4 C:\pengumuman\system\Commands\Server\rewrite.php(45): require_once('C:\\pengumuman\\p...')
#5 {main}
CRITICAL - 2025-01-12 16:47:27 --> Call to undefined method stdClass::getRow()
#0 C:\pengumuman\system\CodeIgniter.php(928): App\Controllers\Home->send_email()
#1 C:\pengumuman\system\CodeIgniter.php(436): CodeIgniter\CodeIgniter->runController(Object(App\Controllers\Home))
#2 C:\pengumuman\system\CodeIgniter.php(336): CodeIgniter\CodeIgniter->handleRequest(NULL, Object(Config\Cache), false)
#3 C:\pengumuman\public\index.php(37): CodeIgniter\CodeIgniter->run()
#4 C:\pengumuman\system\Commands\Server\rewrite.php(45): require_once('C:\\pengumuman\\p...')
#5 {main}
CRITICAL - 2025-01-12 16:47:27 --> Call to undefined method stdClass::getRow()
#0 C:\pengumuman\system\CodeIgniter.php(928): App\Controllers\Home->send_email()
#1 C:\pengumuman\system\CodeIgniter.php(436): CodeIgniter\CodeIgniter->runController(Object(App\Controllers\Home))
#2 C:\pengumuman\system\CodeIgniter.php(336): CodeIgniter\CodeIgniter->handleRequest(NULL, Object(Config\Cache), false)
#3 C:\pengumuman\public\index.php(37): CodeIgniter\CodeIgniter->run()
#4 C:\pengumuman\system\Commands\Server\rewrite.php(45): require_once('C:\\pengumuman\\p...')
#5 {main}
CRITICAL - 2025-01-12 16:47:27 --> Call to undefined method stdClass::getRow()
#0 C:\pengumuman\system\CodeIgniter.php(928): App\Controllers\Home->send_email()
#1 C:\pengumuman\system\CodeIgniter.php(436): CodeIgniter\CodeIgniter->runController(Object(App\Controllers\Home))
#2 C:\pengumuman\system\CodeIgniter.php(336): CodeIgniter\CodeIgniter->handleRequest(NULL, Object(Config\Cache), false)
#3 C:\pengumuman\public\index.php(37): CodeIgniter\CodeIgniter->run()
#4 C:\pengumuman\system\Commands\Server\rewrite.php(45): require_once('C:\\pengumuman\\p...')
#5 {main}
CRITICAL - 2025-01-12 16:47:27 --> Call to undefined method stdClass::getRow()
#0 C:\pengumuman\system\CodeIgniter.php(928): App\Controllers\Home->send_email()
#1 C:\pengumuman\system\CodeIgniter.php(436): CodeIgniter\CodeIgniter->runController(Object(App\Controllers\Home))
#2 C:\pengumuman\system\CodeIgniter.php(336): CodeIgniter\CodeIgniter->handleRequest(NULL, Object(Config\Cache), false)
#3 C:\pengumuman\public\index.php(37): CodeIgniter\CodeIgniter->run()
#4 C:\pengumuman\system\Commands\Server\rewrite.php(45): require_once('C:\\pengumuman\\p...')
#5 {main}
CRITICAL - 2025-01-12 16:47:28 --> Call to undefined method stdClass::getRow()
#0 C:\pengumuman\system\CodeIgniter.php(928): App\Controllers\Home->send_whatsapp()
#1 C:\pengumuman\system\CodeIgniter.php(436): CodeIgniter\CodeIgniter->runController(Object(App\Controllers\Home))
#2 C:\pengumuman\system\CodeIgniter.php(336): CodeIgniter\CodeIgniter->handleRequest(NULL, Object(Config\Cache), false)
#3 C:\pengumuman\public\index.php(37): CodeIgniter\CodeIgniter->run()
#4 C:\pengumuman\system\Commands\Server\rewrite.php(45): require_once('C:\\pengumuman\\p...')
#5 {main}
CRITICAL - 2025-01-12 16:47:29 --> Call to undefined method stdClass::getRow()
#0 C:\pengumuman\system\CodeIgniter.php(928): App\Controllers\Home->send_whatsapp()
#1 C:\pengumuman\system\CodeIgniter.php(436): CodeIgniter\CodeIgniter->runController(Object(App\Controllers\Home))
#2 C:\pengumuman\system\CodeIgniter.php(336): CodeIgniter\CodeIgniter->handleRequest(NULL, Object(Config\Cache), false)
#3 C:\pengumuman\public\index.php(37): CodeIgniter\CodeIgniter->run()
#4 C:\pengumuman\system\Commands\Server\rewrite.php(45): require_once('C:\\pengumuman\\p...')
#5 {main}
CRITICAL - 2025-01-12 16:47:29 --> Call to undefined method stdClass::getRow()
#0 C:\pengumuman\system\CodeIgniter.php(928): App\Controllers\Home->send_whatsapp()
#1 C:\pengumuman\system\CodeIgniter.php(436): CodeIgniter\CodeIgniter->runController(Object(App\Controllers\Home))
#2 C:\pengumuman\system\CodeIgniter.php(336): CodeIgniter\CodeIgniter->handleRequest(NULL, Object(Config\Cache), false)
#3 C:\pengumuman\public\index.php(37): CodeIgniter\CodeIgniter->run()
#4 C:\pengumuman\system\Commands\Server\rewrite.php(45): require_once('C:\\pengumuman\\p...')
#5 {main}
CRITICAL - 2025-01-12 16:47:29 --> Call to undefined method stdClass::getRow()
#0 C:\pengumuman\system\CodeIgniter.php(928): App\Controllers\Home->send_whatsapp()
#1 C:\pengumuman\system\CodeIgniter.php(436): CodeIgniter\CodeIgniter->runController(Object(App\Controllers\Home))
#2 C:\pengumuman\system\CodeIgniter.php(336): CodeIgniter\CodeIgniter->handleRequest(NULL, Object(Config\Cache), false)
#3 C:\pengumuman\public\index.php(37): CodeIgniter\CodeIgniter->run()
#4 C:\pengumuman\system\Commands\Server\rewrite.php(45): require_once('C:\\pengumuman\\p...')
#5 {main}
CRITICAL - 2025-01-12 16:47:29 --> Call to undefined method stdClass::getRow()
#0 C:\pengumuman\system\CodeIgniter.php(928): App\Controllers\Home->send_whatsapp()
#1 C:\pengumuman\system\CodeIgniter.php(436): CodeIgniter\CodeIgniter->runController(Object(App\Controllers\Home))
#2 C:\pengumuman\system\CodeIgniter.php(336): CodeIgniter\CodeIgniter->handleRequest(NULL, Object(Config\Cache), false)
#3 C:\pengumuman\public\index.php(37): CodeIgniter\CodeIgniter->run()
#4 C:\pengumuman\system\Commands\Server\rewrite.php(45): require_once('C:\\pengumuman\\p...')
#5 {main}
CRITICAL - 2025-01-12 16:47:29 --> Call to undefined method stdClass::getRow()
#0 C:\pengumuman\system\CodeIgniter.php(928): App\Controllers\Home->send_whatsapp()
#1 C:\pengumuman\system\CodeIgniter.php(436): CodeIgniter\CodeIgniter->runController(Object(App\Controllers\Home))
#2 C:\pengumuman\system\CodeIgniter.php(336): CodeIgniter\CodeIgniter->handleRequest(NULL, Object(Config\Cache), false)
#3 C:\pengumuman\public\index.php(37): CodeIgniter\CodeIgniter->run()
#4 C:\pengumuman\system\Commands\Server\rewrite.php(45): require_once('C:\\pengumuman\\p...')
#5 {main}
CRITICAL - 2025-01-12 16:47:29 --> Call to undefined method stdClass::getRow()
#0 C:\pengumuman\system\CodeIgniter.php(928): App\Controllers\Home->send_whatsapp()
#1 C:\pengumuman\system\CodeIgniter.php(436): CodeIgniter\CodeIgniter->runController(Object(App\Controllers\Home))
#2 C:\pengumuman\system\CodeIgniter.php(336): CodeIgniter\CodeIgniter->handleRequest(NULL, Object(Config\Cache), false)
#3 C:\pengumuman\public\index.php(37): CodeIgniter\CodeIgniter->run()
#4 C:\pengumuman\system\Commands\Server\rewrite.php(45): require_once('C:\\pengumuman\\p...')
#5 {main}
CRITICAL - 2025-01-12 16:47:30 --> Call to undefined method stdClass::getRow()
#0 C:\pengumuman\system\CodeIgniter.php(928): App\Controllers\Home->send_whatsapp()
#1 C:\pengumuman\system\CodeIgniter.php(436): CodeIgniter\CodeIgniter->runController(Object(App\Controllers\Home))
#2 C:\pengumuman\system\CodeIgniter.php(336): CodeIgniter\CodeIgniter->handleRequest(NULL, Object(Config\Cache), false)
#3 C:\pengumuman\public\index.php(37): CodeIgniter\CodeIgniter->run()
#4 C:\pengumuman\system\Commands\Server\rewrite.php(45): require_once('C:\\pengumuman\\p...')
#5 {main}
CRITICAL - 2025-01-12 16:47:30 --> Call to undefined method stdClass::getRow()
#0 C:\pengumuman\system\CodeIgniter.php(928): App\Controllers\Home->send_whatsapp()
#1 C:\pengumuman\system\CodeIgniter.php(436): CodeIgniter\CodeIgniter->runController(Object(App\Controllers\Home))
#2 C:\pengumuman\system\CodeIgniter.php(336): CodeIgniter\CodeIgniter->handleRequest(NULL, Object(Config\Cache), false)
#3 C:\pengumuman\public\index.php(37): CodeIgniter\CodeIgniter->run()
#4 C:\pengumuman\system\Commands\Server\rewrite.php(45): require_once('C:\\pengumuman\\p...')
#5 {main}
CRITICAL - 2025-01-12 16:47:30 --> Call to undefined method stdClass::getRow()
#0 C:\pengumuman\system\CodeIgniter.php(928): App\Controllers\Home->send_whatsapp()
#1 C:\pengumuman\system\CodeIgniter.php(436): CodeIgniter\CodeIgniter->runController(Object(App\Controllers\Home))
#2 C:\pengumuman\system\CodeIgniter.php(336): CodeIgniter\CodeIgniter->handleRequest(NULL, Object(Config\Cache), false)
#3 C:\pengumuman\public\index.php(37): CodeIgniter\CodeIgniter->run()
#4 C:\pengumuman\system\Commands\Server\rewrite.php(45): require_once('C:\\pengumuman\\p...')
#5 {main}
CRITICAL - 2025-01-12 16:47:30 --> Call to undefined method stdClass::getRow()
#0 C:\pengumuman\system\CodeIgniter.php(928): App\Controllers\Home->send_whatsapp()
#1 C:\pengumuman\system\CodeIgniter.php(436): CodeIgniter\CodeIgniter->runController(Object(App\Controllers\Home))
#2 C:\pengumuman\system\CodeIgniter.php(336): CodeIgniter\CodeIgniter->handleRequest(NULL, Object(Config\Cache), false)
#3 C:\pengumuman\public\index.php(37): CodeIgniter\CodeIgniter->run()
#4 C:\pengumuman\system\Commands\Server\rewrite.php(45): require_once('C:\\pengumuman\\p...')
#5 {main}
CRITICAL - 2025-01-12 16:47:30 --> Call to undefined method stdClass::getRow()
#0 C:\pengumuman\system\CodeIgniter.php(928): App\Controllers\Home->send_whatsapp()
#1 C:\pengumuman\system\CodeIgniter.php(436): CodeIgniter\CodeIgniter->runController(Object(App\Controllers\Home))
#2 C:\pengumuman\system\CodeIgniter.php(336): CodeIgniter\CodeIgniter->handleRequest(NULL, Object(Config\Cache), false)
#3 C:\pengumuman\public\index.php(37): CodeIgniter\CodeIgniter->run()
#4 C:\pengumuman\system\Commands\Server\rewrite.php(45): require_once('C:\\pengumuman\\p...')
#5 {main}
CRITICAL - 2025-01-12 16:47:43 --> Call to undefined method stdClass::getRow()
#0 C:\pengumuman\system\CodeIgniter.php(928): App\Controllers\Home->send_email()
#1 C:\pengumuman\system\CodeIgniter.php(436): CodeIgniter\CodeIgniter->runController(Object(App\Controllers\Home))
#2 C:\pengumuman\system\CodeIgniter.php(336): CodeIgniter\CodeIgniter->handleRequest(NULL, Object(Config\Cache), false)
#3 C:\pengumuman\public\index.php(37): CodeIgniter\CodeIgniter->run()
#4 C:\pengumuman\system\Commands\Server\rewrite.php(45): require_once('C:\\pengumuman\\p...')
#5 {main}
CRITICAL - 2025-01-12 16:47:43 --> Call to undefined method stdClass::getRow()
#0 C:\pengumuman\system\CodeIgniter.php(928): App\Controllers\Home->send_email()
#1 C:\pengumuman\system\CodeIgniter.php(436): CodeIgniter\CodeIgniter->runController(Object(App\Controllers\Home))
#2 C:\pengumuman\system\CodeIgniter.php(336): CodeIgniter\CodeIgniter->handleRequest(NULL, Object(Config\Cache), false)
#3 C:\pengumuman\public\index.php(37): CodeIgniter\CodeIgniter->run()
#4 C:\pengumuman\system\Commands\Server\rewrite.php(45): require_once('C:\\pengumuman\\p...')
#5 {main}
CRITICAL - 2025-01-12 16:47:43 --> Call to undefined method stdClass::getRow()
#0 C:\pengumuman\system\CodeIgniter.php(928): App\Controllers\Home->send_email()
#1 C:\pengumuman\system\CodeIgniter.php(436): CodeIgniter\CodeIgniter->runController(Object(App\Controllers\Home))
#2 C:\pengumuman\system\CodeIgniter.php(336): CodeIgniter\CodeIgniter->handleRequest(NULL, Object(Config\Cache), false)
#3 C:\pengumuman\public\index.php(37): CodeIgniter\CodeIgniter->run()
#4 C:\pengumuman\system\Commands\Server\rewrite.php(45): require_once('C:\\pengumuman\\p...')
#5 {main}
CRITICAL - 2025-01-12 16:47:43 --> Call to undefined method stdClass::getRow()
#0 C:\pengumuman\system\CodeIgniter.php(928): App\Controllers\Home->send_email()
#1 C:\pengumuman\system\CodeIgniter.php(436): CodeIgniter\CodeIgniter->runController(Object(App\Controllers\Home))
#2 C:\pengumuman\system\CodeIgniter.php(336): CodeIgniter\CodeIgniter->handleRequest(NULL, Object(Config\Cache), false)
#3 C:\pengumuman\public\index.php(37): CodeIgniter\CodeIgniter->run()
#4 C:\pengumuman\system\Commands\Server\rewrite.php(45): require_once('C:\\pengumuman\\p...')
#5 {main}
CRITICAL - 2025-01-12 16:47:43 --> Call to undefined method stdClass::getRow()
#0 C:\pengumuman\system\CodeIgniter.php(928): App\Controllers\Home->send_email()
#1 C:\pengumuman\system\CodeIgniter.php(436): CodeIgniter\CodeIgniter->runController(Object(App\Controllers\Home))
#2 C:\pengumuman\system\CodeIgniter.php(336): CodeIgniter\CodeIgniter->handleRequest(NULL, Object(Config\Cache), false)
#3 C:\pengumuman\public\index.php(37): CodeIgniter\CodeIgniter->run()
#4 C:\pengumuman\system\Commands\Server\rewrite.php(45): require_once('C:\\pengumuman\\p...')
#5 {main}
CRITICAL - 2025-01-12 16:49:30 --> Call to undefined method stdClass::getRow()
#0 C:\pengumuman\system\CodeIgniter.php(928): App\Controllers\Home->send_email()
#1 C:\pengumuman\system\CodeIgniter.php(436): CodeIgniter\CodeIgniter->runController(Object(App\Controllers\Home))
#2 C:\pengumuman\system\CodeIgniter.php(336): CodeIgniter\CodeIgniter->handleRequest(NULL, Object(Config\Cache), false)
#3 C:\pengumuman\public\index.php(37): CodeIgniter\CodeIgniter->run()
#4 C:\pengumuman\system\Commands\Server\rewrite.php(45): require_once('C:\\pengumuman\\p...')
#5 {main}
CRITICAL - 2025-01-12 16:49:31 --> Call to undefined method stdClass::getRow()
#0 C:\pengumuman\system\CodeIgniter.php(928): App\Controllers\Home->send_email()
#1 C:\pengumuman\system\CodeIgniter.php(436): CodeIgniter\CodeIgniter->runController(Object(App\Controllers\Home))
#2 C:\pengumuman\system\CodeIgniter.php(336): CodeIgniter\CodeIgniter->handleRequest(NULL, Object(Config\Cache), false)
#3 C:\pengumuman\public\index.php(37): CodeIgniter\CodeIgniter->run()
#4 C:\pengumuman\system\Commands\Server\rewrite.php(45): require_once('C:\\pengumuman\\p...')
#5 {main}
CRITICAL - 2025-01-12 16:49:32 --> Call to undefined method stdClass::getRow()
#0 C:\pengumuman\system\CodeIgniter.php(928): App\Controllers\Home->send_email()
#1 C:\pengumuman\system\CodeIgniter.php(436): CodeIgniter\CodeIgniter->runController(Object(App\Controllers\Home))
#2 C:\pengumuman\system\CodeIgniter.php(336): CodeIgniter\CodeIgniter->handleRequest(NULL, Object(Config\Cache), false)
#3 C:\pengumuman\public\index.php(37): CodeIgniter\CodeIgniter->run()
#4 C:\pengumuman\system\Commands\Server\rewrite.php(45): require_once('C:\\pengumuman\\p...')
#5 {main}
CRITICAL - 2025-01-12 16:49:32 --> Call to undefined method stdClass::getRow()
#0 C:\pengumuman\system\CodeIgniter.php(928): App\Controllers\Home->send_email()
#1 C:\pengumuman\system\CodeIgniter.php(436): CodeIgniter\CodeIgniter->runController(Object(App\Controllers\Home))
#2 C:\pengumuman\system\CodeIgniter.php(336): CodeIgniter\CodeIgniter->handleRequest(NULL, Object(Config\Cache), false)
#3 C:\pengumuman\public\index.php(37): CodeIgniter\CodeIgniter->run()
#4 C:\pengumuman\system\Commands\Server\rewrite.php(45): require_once('C:\\pengumuman\\p...')
#5 {main}
CRITICAL - 2025-01-12 16:49:32 --> Call to undefined method stdClass::getRow()
#0 C:\pengumuman\system\CodeIgniter.php(928): App\Controllers\Home->send_whatsapp()
#1 C:\pengumuman\system\CodeIgniter.php(436): CodeIgniter\CodeIgniter->runController(Object(App\Controllers\Home))
#2 C:\pengumuman\system\CodeIgniter.php(336): CodeIgniter\CodeIgniter->handleRequest(NULL, Object(Config\Cache), false)
#3 C:\pengumuman\public\index.php(37): CodeIgniter\CodeIgniter->run()
#4 C:\pengumuman\system\Commands\Server\rewrite.php(45): require_once('C:\\pengumuman\\p...')
#5 {main}
CRITICAL - 2025-01-12 16:49:32 --> Call to undefined method stdClass::getRow()
#0 C:\pengumuman\system\CodeIgniter.php(928): App\Controllers\Home->send_whatsapp()
#1 C:\pengumuman\system\CodeIgniter.php(436): CodeIgniter\CodeIgniter->runController(Object(App\Controllers\Home))
#2 C:\pengumuman\system\CodeIgniter.php(336): CodeIgniter\CodeIgniter->handleRequest(NULL, Object(Config\Cache), false)
#3 C:\pengumuman\public\index.php(37): CodeIgniter\CodeIgniter->run()
#4 C:\pengumuman\system\Commands\Server\rewrite.php(45): require_once('C:\\pengumuman\\p...')
#5 {main}
CRITICAL - 2025-01-12 16:49:32 --> Call to undefined method stdClass::getRow()
#0 C:\pengumuman\system\CodeIgniter.php(928): App\Controllers\Home->send_whatsapp()
#1 C:\pengumuman\system\CodeIgniter.php(436): CodeIgniter\CodeIgniter->runController(Object(App\Controllers\Home))
#2 C:\pengumuman\system\CodeIgniter.php(336): CodeIgniter\CodeIgniter->handleRequest(NULL, Object(Config\Cache), false)
#3 C:\pengumuman\public\index.php(37): CodeIgniter\CodeIgniter->run()
#4 C:\pengumuman\system\Commands\Server\rewrite.php(45): require_once('C:\\pengumuman\\p...')
#5 {main}
CRITICAL - 2025-01-12 16:49:33 --> Call to undefined method stdClass::getRow()
#0 C:\pengumuman\system\CodeIgniter.php(928): App\Controllers\Home->send_whatsapp()
#1 C:\pengumuman\system\CodeIgniter.php(436): CodeIgniter\CodeIgniter->runController(Object(App\Controllers\Home))
#2 C:\pengumuman\system\CodeIgniter.php(336): CodeIgniter\CodeIgniter->handleRequest(NULL, Object(Config\Cache), false)
#3 C:\pengumuman\public\index.php(37): CodeIgniter\CodeIgniter->run()
#4 C:\pengumuman\system\Commands\Server\rewrite.php(45): require_once('C:\\pengumuman\\p...')
#5 {main}
CRITICAL - 2025-01-12 16:49:33 --> Call to undefined method stdClass::getRow()
#0 C:\pengumuman\system\CodeIgniter.php(928): App\Controllers\Home->send_whatsapp()
#1 C:\pengumuman\system\CodeIgniter.php(436): CodeIgniter\CodeIgniter->runController(Object(App\Controllers\Home))
#2 C:\pengumuman\system\CodeIgniter.php(336): CodeIgniter\CodeIgniter->handleRequest(NULL, Object(Config\Cache), false)
#3 C:\pengumuman\public\index.php(37): CodeIgniter\CodeIgniter->run()
#4 C:\pengumuman\system\Commands\Server\rewrite.php(45): require_once('C:\\pengumuman\\p...')
#5 {main}
ERROR - 2025-01-12 16:52:20 --> Email: sendWithMail throwed mail(): Failed to connect to mailserver at &quot;localhost&quot; port 25, verify your &quot;SMTP&quot; and &quot;smtp_port&quot; setting in php.ini or use ini_set()
ERROR - 2025-01-12 16:53:31 --> Email: sendWithMail throwed mail(): Failed to connect to mailserver at &quot;localhost&quot; port 25, verify your &quot;SMTP&quot; and &quot;smtp_port&quot; setting in php.ini or use ini_set()
CRITICAL - 2025-01-12 16:57:37 --> Cannot use object of type stdClass as array
#0 C:\pengumuman\system\CodeIgniter.php(928): App\Controllers\Home->kirim_pengumuman('9', 'email')
#1 C:\pengumuman\system\CodeIgniter.php(436): CodeIgniter\CodeIgniter->runController(Object(App\Controllers\Home))
#2 C:\pengumuman\system\CodeIgniter.php(336): CodeIgniter\CodeIgniter->handleRequest(NULL, Object(Config\Cache), false)
#3 C:\pengumuman\public\index.php(37): CodeIgniter\CodeIgniter->run()
#4 C:\pengumuman\system\Commands\Server\rewrite.php(45): require_once('C:\\pengumuman\\p...')
#5 {main}
CRITICAL - 2025-01-12 16:58:15 --> Cannot use object of type stdClass as array
#0 C:\pengumuman\system\CodeIgniter.php(928): App\Controllers\Home->kirim_pengumuman('9', 'whatsapp')
#1 C:\pengumuman\system\CodeIgniter.php(436): CodeIgniter\CodeIgniter->runController(Object(App\Controllers\Home))
#2 C:\pengumuman\system\CodeIgniter.php(336): CodeIgniter\CodeIgniter->handleRequest(NULL, Object(Config\Cache), false)
#3 C:\pengumuman\public\index.php(37): CodeIgniter\CodeIgniter->run()
#4 C:\pengumuman\system\Commands\Server\rewrite.php(45): require_once('C:\\pengumuman\\p...')
#5 {main}
CRITICAL - 2025-01-12 16:59:09 --> count(): Parameter must be an array or an object that implements Countable
#0 [internal function]: CodeIgniter\Debug\Exceptions->errorHandler(2, 'count(): Parame...', 'C:\\pengumuman\\a...', 1653, Array)
#1 C:\pengumuman\app\Controllers\Home.php(1653): count(Object(stdClass))
#2 C:\pengumuman\system\CodeIgniter.php(928): App\Controllers\Home->kirim_pengumuman('9', 'email')
#3 C:\pengumuman\system\CodeIgniter.php(436): CodeIgniter\CodeIgniter->runController(Object(App\Controllers\Home))
#4 C:\pengumuman\system\CodeIgniter.php(336): CodeIgniter\CodeIgniter->handleRequest(NULL, Object(Config\Cache), false)
#5 C:\pengumuman\public\index.php(37): CodeIgniter\CodeIgniter->run()
#6 C:\pengumuman\system\Commands\Server\rewrite.php(45): require_once('C:\\pengumuman\\p...')
#7 {main}
CRITICAL - 2025-01-12 16:59:20 --> Cannot use object of type stdClass as array
#0 C:\pengumuman\system\CodeIgniter.php(928): App\Controllers\Home->kirim_pengumuman('9', 'email')
#1 C:\pengumuman\system\CodeIgniter.php(436): CodeIgniter\CodeIgniter->runController(Object(App\Controllers\Home))
#2 C:\pengumuman\system\CodeIgniter.php(336): CodeIgniter\CodeIgniter->handleRequest(NULL, Object(Config\Cache), false)
#3 C:\pengumuman\public\index.php(37): CodeIgniter\CodeIgniter->run()
#4 C:\pengumuman\system\Commands\Server\rewrite.php(45): require_once('C:\\pengumuman\\p...')
#5 {main}
ERROR - 2025-01-12 16:59:33 --> Illegal parameter data types char and row for operation '='
CRITICAL - 2025-01-12 16:59:33 --> Call to a member function getRow() on bool
#0 C:\pengumuman\app\Controllers\Home.php(1670): App\Models\Gudang->getWhere('tb_user', Array)
#1 C:\pengumuman\system\CodeIgniter.php(928): App\Controllers\Home->kirim_pengumuman('9', 'email')
#2 C:\pengumuman\system\CodeIgniter.php(436): CodeIgniter\CodeIgniter->runController(Object(App\Controllers\Home))
#3 C:\pengumuman\system\CodeIgniter.php(336): CodeIgniter\CodeIgniter->handleRequest(NULL, Object(Config\Cache), false)
#4 C:\pengumuman\public\index.php(37): CodeIgniter\CodeIgniter->run()
#5 C:\pengumuman\system\Commands\Server\rewrite.php(45): require_once('C:\\pengumuman\\p...')
#6 {main}
ERROR - 2025-01-12 17:00:50 --> Illegal parameter data types char and row for operation '='
ERROR - 2025-01-12 17:00:50 --> Query gagal: SELECT *
FROM `tb_user`
WHERE `id_level` = (4,5)
CRITICAL - 2025-01-12 17:00:50 --> Invalid argument supplied for foreach()
#0 C:\pengumuman\app\Controllers\Home.php(1672): CodeIgniter\Debug\Exceptions->errorHandler(2, 'Invalid argumen...', 'C:\\pengumuman\\a...', 1672, Array)
#1 C:\pengumuman\system\CodeIgniter.php(928): App\Controllers\Home->kirim_pengumuman('9', 'email')
#2 C:\pengumuman\system\CodeIgniter.php(436): CodeIgniter\CodeIgniter->runController(Object(App\Controllers\Home))
#3 C:\pengumuman\system\CodeIgniter.php(336): CodeIgniter\CodeIgniter->handleRequest(NULL, Object(Config\Cache), false)
#4 C:\pengumuman\public\index.php(37): CodeIgniter\CodeIgniter->run()
#5 C:\pengumuman\system\Commands\Server\rewrite.php(45): require_once('C:\\pengumuman\\p...')
#6 {main}
ERROR - 2025-01-12 17:00:55 --> Illegal parameter data types char and row for operation '='
ERROR - 2025-01-12 17:00:55 --> Query gagal: SELECT *
FROM `tb_user`
WHERE `id_level` = (4,5)
CRITICAL - 2025-01-12 17:00:55 --> Invalid argument supplied for foreach()
#0 C:\pengumuman\app\Controllers\Home.php(1667): CodeIgniter\Debug\Exceptions->errorHandler(2, 'Invalid argumen...', 'C:\\pengumuman\\a...', 1667, Array)
#1 C:\pengumuman\system\CodeIgniter.php(928): App\Controllers\Home->kirim_pengumuman('9', 'email')
#2 C:\pengumuman\system\CodeIgniter.php(436): CodeIgniter\CodeIgniter->runController(Object(App\Controllers\Home))
#3 C:\pengumuman\system\CodeIgniter.php(336): CodeIgniter\CodeIgniter->handleRequest(NULL, Object(Config\Cache), false)
#4 C:\pengumuman\public\index.php(37): CodeIgniter\CodeIgniter->run()
#5 C:\pengumuman\system\Commands\Server\rewrite.php(45): require_once('C:\\pengumuman\\p...')
#6 {main}
ERROR - 2025-01-12 17:01:08 --> Illegal parameter data types char and row for operation '='
CRITICAL - 2025-01-12 17:01:08 --> Call to a member function getRow() on bool
#0 C:\pengumuman\app\Controllers\Home.php(1670): App\Models\Gudang->getWhere('tb_user', Array)
#1 C:\pengumuman\system\CodeIgniter.php(928): App\Controllers\Home->kirim_pengumuman('9', 'email')
#2 C:\pengumuman\system\CodeIgniter.php(436): CodeIgniter\CodeIgniter->runController(Object(App\Controllers\Home))
#3 C:\pengumuman\system\CodeIgniter.php(336): CodeIgniter\CodeIgniter->handleRequest(NULL, Object(Config\Cache), false)
#4 C:\pengumuman\public\index.php(37): CodeIgniter\CodeIgniter->run()
#5 C:\pengumuman\system\Commands\Server\rewrite.php(45): require_once('C:\\pengumuman\\p...')
#6 {main}
ERROR - 2025-01-12 17:01:54 --> Illegal parameter data types char and row for operation '='
CRITICAL - 2025-01-12 17:01:54 --> Call to a member function getRow() on bool
#0 C:\pengumuman\app\Controllers\Home.php(1667): App\Models\Gudang->getWhere('tb_user', Array)
#1 C:\pengumuman\system\CodeIgniter.php(928): App\Controllers\Home->kirim_pengumuman('9', 'email')
#2 C:\pengumuman\system\CodeIgniter.php(436): CodeIgniter\CodeIgniter->runController(Object(App\Controllers\Home))
#3 C:\pengumuman\system\CodeIgniter.php(336): CodeIgniter\CodeIgniter->handleRequest(NULL, Object(Config\Cache), false)
#4 C:\pengumuman\public\index.php(37): CodeIgniter\CodeIgniter->run()
#5 C:\pengumuman\system\Commands\Server\rewrite.php(45): require_once('C:\\pengumuman\\p...')
#6 {main}
ERROR - 2025-01-12 17:03:43 --> Illegal parameter data types char and row for operation '='
CRITICAL - 2025-01-12 17:03:43 --> Call to a member function getRow() on bool
#0 C:\pengumuman\app\Controllers\Home.php(1667): App\Models\Gudang->getWhere('tb_user', Array)
#1 C:\pengumuman\system\CodeIgniter.php(928): App\Controllers\Home->kirim_pengumuman('9', 'email')
#2 C:\pengumuman\system\CodeIgniter.php(436): CodeIgniter\CodeIgniter->runController(Object(App\Controllers\Home))
#3 C:\pengumuman\system\CodeIgniter.php(336): CodeIgniter\CodeIgniter->handleRequest(NULL, Object(Config\Cache), false)
#4 C:\pengumuman\public\index.php(37): CodeIgniter\CodeIgniter->run()
#5 C:\pengumuman\system\Commands\Server\rewrite.php(45): require_once('C:\\pengumuman\\p...')
#6 {main}
ERROR - 2025-01-12 17:04:12 --> Email: sendWithMail throwed mail(): Failed to connect to mailserver at &quot;localhost&quot; port 25, verify your &quot;SMTP&quot; and &quot;smtp_port&quot; setting in php.ini or use ini_set()
ERROR - 2025-01-12 17:04:21 --> Email: sendWithMail throwed mail(): Failed to connect to mailserver at &quot;localhost&quot; port 25, verify your &quot;SMTP&quot; and &quot;smtp_port&quot; setting in php.ini or use ini_set()
ERROR - 2025-01-12 17:06:36 --> Email: sendWithMail throwed mail(): Failed to connect to mailserver at &quot;localhost&quot; port 25, verify your &quot;SMTP&quot; and &quot;smtp_port&quot; setting in php.ini or use ini_set()
ERROR - 2025-01-12 17:06:43 --> Email: sendWithMail throwed mail(): Failed to connect to mailserver at &quot;localhost&quot; port 25, verify your &quot;SMTP&quot; and &quot;smtp_port&quot; setting in php.ini or use ini_set()
CRITICAL - 2025-01-12 04:09:50 --> syntax error, unexpected 'log_message' (T_STRING), expecting function (T_FUNCTION) or const (T_CONST)
#0 C:\pengumuman\system\Router\Router.php(169): CodeIgniter\Router\Router->autoRoute('Home/pengumuman')
#1 C:\pengumuman\system\CodeIgniter.php(809): CodeIgniter\Router\Router->handle('Home/pengumuman')
#2 C:\pengumuman\system\CodeIgniter.php(389): CodeIgniter\CodeIgniter->tryToRouteIt(Object(CodeIgniter\Router\RouteCollection))
#3 C:\pengumuman\system\CodeIgniter.php(336): CodeIgniter\CodeIgniter->handleRequest(NULL, Object(Config\Cache), false)
#4 C:\pengumuman\public\index.php(37): CodeIgniter\CodeIgniter->run()
#5 C:\pengumuman\system\Commands\Server\rewrite.php(45): require_once('C:\\pengumuman\\p...')
#6 {main}
ERROR - 2025-01-12 17:15:46 --> Error connecting to the database: No connection could be made because the target machine actively refused it.

CRITICAL - 2025-01-12 17:15:46 --> Unable to connect to the database.
Main connection [MySQLi]: No connection could be made because the target machine actively refused it.

#0 C:\pengumuman\system\Database\BaseConnection.php(625): CodeIgniter\Database\BaseConnection->initialize()
#1 C:\pengumuman\system\Database\BaseBuilder.php(1881): CodeIgniter\Database\BaseConnection->query('SELECT *\nFROM `...', Array, false)
#2 C:\pengumuman\app\Models\Gudang.php(63): CodeIgniter\Database\BaseBuilder->get()
#3 C:\pengumuman\app\Controllers\Home.php(65): App\Models\Gudang->getWhere('tb_setting', Array)
#4 C:\pengumuman\system\CodeIgniter.php(928): App\Controllers\Home->login()
#5 C:\pengumuman\system\CodeIgniter.php(436): CodeIgniter\CodeIgniter->runController(Object(App\Controllers\Home))
#6 C:\pengumuman\system\CodeIgniter.php(336): CodeIgniter\CodeIgniter->handleRequest(NULL, Object(Config\Cache), false)
#7 C:\pengumuman\public\index.php(37): CodeIgniter\CodeIgniter->run()
#8 C:\pengumuman\system\Commands\Server\rewrite.php(45): require_once('C:\\pengumuman\\p...')
#9 {main}
